<?xml version="1.0" encoding="UTF-8"?>
<testng-results ignored="0" total="5" passed="4" failed="1" skipped="0">
  <reporter-output>
  </reporter-output>
  <suite started-at="2020-09-05T22:28:11 CEST" name="Default suite" finished-at="2020-09-05T22:28:17 CEST" duration-ms="6122">
    <groups>
    </groups>
    <test started-at="2020-09-05T22:28:11 CEST" name="Default test" finished-at="2020-09-05T22:28:17 CEST" duration-ms="6122">
      <class name="org.openrefine.wikidata.commands.PreviewWikibaseSchemaCommandTest">
        <test-method is-config="true" signature="beforePowerMockTestClass()[pri:0, instance:org.openrefine.wikidata.commands.PreviewWikibaseSchemaCommandTest@72758afa]" started-at="2020-09-05T22:28:11 CEST" name="beforePowerMockTestClass" finished-at="2020-09-05T22:28:11 CEST" duration-ms="17" status="PASS">
          <reporter-output>
          </reporter-output>
        </test-method> <!-- beforePowerMockTestClass -->
        <test-method is-config="true" signature="beforePowerMockTestMethod()[pri:0, instance:org.openrefine.wikidata.commands.PreviewWikibaseSchemaCommandTest@72758afa]" started-at="2020-09-05T22:28:11 CEST" name="beforePowerMockTestMethod" finished-at="2020-09-05T22:28:13 CEST" duration-ms="1917" status="PASS">
          <reporter-output>
          </reporter-output>
        </test-method> <!-- beforePowerMockTestMethod -->
        <test-method is-config="true" signature="initServlet()[pri:0, instance:org.openrefine.wikidata.commands.PreviewWikibaseSchemaCommandTest@72758afa]" started-at="2020-09-05T22:28:13 CEST" name="initServlet" finished-at="2020-09-05T22:28:13 CEST" duration-ms="165" status="PASS">
          <reporter-output>
          </reporter-output>
        </test-method> <!-- initServlet -->
        <test-method is-config="true" signature="setUpProject()[pri:0, instance:org.openrefine.wikidata.commands.PreviewWikibaseSchemaCommandTest@72758afa]" started-at="2020-09-05T22:28:13 CEST" name="setUpProject" finished-at="2020-09-05T22:28:16 CEST" duration-ms="2755" status="PASS">
          <reporter-output>
          </reporter-output>
        </test-method> <!-- setUpProject -->
        <test-method is-config="true" signature="SetUp()[pri:0, instance:org.openrefine.wikidata.commands.PreviewWikibaseSchemaCommandTest@72758afa]" started-at="2020-09-05T22:28:16 CEST" name="SetUp" finished-at="2020-09-05T22:28:16 CEST" duration-ms="132" status="PASS">
          <reporter-output>
          </reporter-output>
        </test-method> <!-- SetUp -->
        <test-method signature="testInvalidManifest()[pri:0, instance:org.openrefine.wikidata.commands.PreviewWikibaseSchemaCommandTest@72758afa]" started-at="2020-09-05T22:28:16 CEST" name="testInvalidManifest" finished-at="2020-09-05T22:28:16 CEST" duration-ms="583" status="PASS">
          <reporter-output>
          </reporter-output>
        </test-method> <!-- testInvalidManifest -->
        <test-method is-config="true" signature="afterPowerMockTestMethod()[pri:0, instance:org.openrefine.wikidata.commands.PreviewWikibaseSchemaCommandTest@72758afa]" started-at="2020-09-05T22:28:16 CEST" name="afterPowerMockTestMethod" finished-at="2020-09-05T22:28:16 CEST" duration-ms="4" status="PASS">
          <reporter-output>
          </reporter-output>
        </test-method> <!-- afterPowerMockTestMethod -->
        <test-method is-config="true" signature="beforePowerMockTestMethod()[pri:0, instance:org.openrefine.wikidata.commands.PreviewWikibaseSchemaCommandTest@72758afa]" started-at="2020-09-05T22:28:16 CEST" name="beforePowerMockTestMethod" finished-at="2020-09-05T22:28:17 CEST" duration-ms="3" status="PASS">
          <reporter-output>
          </reporter-output>
        </test-method> <!-- beforePowerMockTestMethod -->
        <test-method is-config="true" signature="initServlet()[pri:0, instance:org.openrefine.wikidata.commands.PreviewWikibaseSchemaCommandTest@72758afa]" started-at="2020-09-05T22:28:17 CEST" name="initServlet" finished-at="2020-09-05T22:28:17 CEST" duration-ms="2" status="PASS">
          <reporter-output>
          </reporter-output>
        </test-method> <!-- initServlet -->
        <test-method is-config="true" signature="setUpProject()[pri:0, instance:org.openrefine.wikidata.commands.PreviewWikibaseSchemaCommandTest@72758afa]" started-at="2020-09-05T22:28:17 CEST" name="setUpProject" finished-at="2020-09-05T22:28:17 CEST" duration-ms="22" status="PASS">
          <reporter-output>
          </reporter-output>
        </test-method> <!-- setUpProject -->
        <test-method signature="testNoManifest()[pri:0, instance:org.openrefine.wikidata.commands.PreviewWikibaseSchemaCommandTest@72758afa]" started-at="2020-09-05T22:28:17 CEST" name="testNoManifest" finished-at="2020-09-05T22:28:17 CEST" duration-ms="8" status="PASS">
          <reporter-output>
          </reporter-output>
        </test-method> <!-- testNoManifest -->
        <test-method is-config="true" signature="SetUp()[pri:0, instance:org.openrefine.wikidata.commands.PreviewWikibaseSchemaCommandTest@72758afa]" started-at="2020-09-05T22:28:17 CEST" name="SetUp" finished-at="2020-09-05T22:28:17 CEST" duration-ms="0" status="PASS">
          <reporter-output>
          </reporter-output>
        </test-method> <!-- SetUp -->
        <test-method is-config="true" signature="afterPowerMockTestMethod()[pri:0, instance:org.openrefine.wikidata.commands.PreviewWikibaseSchemaCommandTest@72758afa]" started-at="2020-09-05T22:28:17 CEST" name="afterPowerMockTestMethod" finished-at="2020-09-05T22:28:17 CEST" duration-ms="1" status="PASS">
          <reporter-output>
          </reporter-output>
        </test-method> <!-- afterPowerMockTestMethod -->
        <test-method is-config="true" signature="beforePowerMockTestMethod()[pri:0, instance:org.openrefine.wikidata.commands.PreviewWikibaseSchemaCommandTest@72758afa]" started-at="2020-09-05T22:28:17 CEST" name="beforePowerMockTestMethod" finished-at="2020-09-05T22:28:17 CEST" duration-ms="1" status="PASS">
          <reporter-output>
          </reporter-output>
        </test-method> <!-- beforePowerMockTestMethod -->
        <test-method is-config="true" signature="initServlet()[pri:0, instance:org.openrefine.wikidata.commands.PreviewWikibaseSchemaCommandTest@72758afa]" started-at="2020-09-05T22:28:17 CEST" name="initServlet" finished-at="2020-09-05T22:28:17 CEST" duration-ms="1" status="PASS">
          <reporter-output>
          </reporter-output>
        </test-method> <!-- initServlet -->
        <test-method is-config="true" signature="setUpProject()[pri:0, instance:org.openrefine.wikidata.commands.PreviewWikibaseSchemaCommandTest@72758afa]" started-at="2020-09-05T22:28:17 CEST" name="setUpProject" finished-at="2020-09-05T22:28:17 CEST" duration-ms="17" status="PASS">
          <reporter-output>
          </reporter-output>
        </test-method> <!-- setUpProject -->
        <test-method is-config="true" signature="SetUp()[pri:0, instance:org.openrefine.wikidata.commands.PreviewWikibaseSchemaCommandTest@72758afa]" started-at="2020-09-05T22:28:17 CEST" name="SetUp" finished-at="2020-09-05T22:28:17 CEST" duration-ms="1" status="PASS">
          <reporter-output>
          </reporter-output>
        </test-method> <!-- SetUp -->
        <test-method signature="testValidSchema()[pri:0, instance:org.openrefine.wikidata.commands.PreviewWikibaseSchemaCommandTest@72758afa]" started-at="2020-09-05T22:28:17 CEST" name="testValidSchema" finished-at="2020-09-05T22:28:17 CEST" duration-ms="240" status="FAIL">
          <exception class="java.lang.NullPointerException">
            <full-stacktrace>
              <![CDATA[java.lang.NullPointerException
at org.openrefine.wikidata.commands.PreviewWikibaseSchemaCommandTest.testValidSchema(PreviewWikibaseSchemaCommandTest.java:67)
at java.base/jdk.internal.reflect.NativeMethodAccessorImpl.invoke0(Native Method)
at java.base/jdk.internal.reflect.NativeMethodAccessorImpl.invoke(NativeMethodAccessorImpl.java:62)
at java.base/jdk.internal.reflect.DelegatingMethodAccessorImpl.invoke(DelegatingMethodAccessorImpl.java:43)
at java.base/java.lang.reflect.Method.invoke(Method.java:566)
at org.testng.internal.MethodInvocationHelper.invokeMethod(MethodInvocationHelper.java:132)
at org.testng.internal.TestInvoker.invokeMethod(TestInvoker.java:599)
at org.testng.internal.TestInvoker.invokeTestMethod(TestInvoker.java:174)
at org.testng.internal.MethodRunner.runInSequence(MethodRunner.java:46)
at org.testng.internal.TestInvoker$MethodInvocationAgent.invoke(TestInvoker.java:822)
at org.testng.internal.TestInvoker.invokeTestMethods(TestInvoker.java:147)
at org.testng.internal.TestMethodWorker.invokeTestMethods(TestMethodWorker.java:146)
at org.testng.internal.TestMethodWorker.run(TestMethodWorker.java:128)
at java.base/java.util.ArrayList.forEach(ArrayList.java:1541)
at org.testng.TestRunner.privateRun(TestRunner.java:764)
at org.testng.TestRunner.run(TestRunner.java:585)
at org.testng.SuiteRunner.runTest(SuiteRunner.java:384)
at org.testng.SuiteRunner.runSequentially(SuiteRunner.java:378)
at org.testng.SuiteRunner.privateRun(SuiteRunner.java:337)
at org.testng.SuiteRunner.run(SuiteRunner.java:286)
at org.testng.SuiteRunnerWorker.runSuite(SuiteRunnerWorker.java:53)
at org.testng.SuiteRunnerWorker.run(SuiteRunnerWorker.java:96)
at org.testng.TestNG.runSuitesSequentially(TestNG.java:1218)
at org.testng.TestNG.runSuitesLocally(TestNG.java:1140)
at org.testng.TestNG.runSuites(TestNG.java:1069)
at org.testng.TestNG.run(TestNG.java:1037)
at org.testng.remote.AbstractRemoteTestNG.run(AbstractRemoteTestNG.java:115)
at org.testng.remote.RemoteTestNG.initAndRun(RemoteTestNG.java:251)
at org.testng.remote.RemoteTestNG.main(RemoteTestNG.java:77)
]]>
            </full-stacktrace>
          </exception> <!-- java.lang.NullPointerException -->
          <reporter-output>
          </reporter-output>
        </test-method> <!-- testValidSchema -->
        <test-method is-config="true" signature="afterPowerMockTestMethod()[pri:0, instance:org.openrefine.wikidata.commands.PreviewWikibaseSchemaCommandTest@72758afa]" started-at="2020-09-05T22:28:17 CEST" name="afterPowerMockTestMethod" finished-at="2020-09-05T22:28:17 CEST" duration-ms="1" status="PASS">
          <reporter-output>
          </reporter-output>
        </test-method> <!-- afterPowerMockTestMethod -->
        <test-method is-config="true" signature="beforePowerMockTestMethod()[pri:0, instance:org.openrefine.wikidata.commands.PreviewWikibaseSchemaCommandTest@72758afa]" started-at="2020-09-05T22:28:17 CEST" name="beforePowerMockTestMethod" finished-at="2020-09-05T22:28:17 CEST" duration-ms="1" status="PASS">
          <reporter-output>
          </reporter-output>
        </test-method> <!-- beforePowerMockTestMethod -->
        <test-method is-config="true" signature="initServlet()[pri:0, instance:org.openrefine.wikidata.commands.PreviewWikibaseSchemaCommandTest@72758afa]" started-at="2020-09-05T22:28:17 CEST" name="initServlet" finished-at="2020-09-05T22:28:17 CEST" duration-ms="1" status="PASS">
          <reporter-output>
          </reporter-output>
        </test-method> <!-- initServlet -->
        <test-method is-config="true" signature="setUpProject()[pri:0, instance:org.openrefine.wikidata.commands.PreviewWikibaseSchemaCommandTest@72758afa]" started-at="2020-09-05T22:28:17 CEST" name="setUpProject" finished-at="2020-09-05T22:28:17 CEST" duration-ms="16" status="PASS">
          <reporter-output>
          </reporter-output>
        </test-method> <!-- setUpProject -->
        <test-method is-config="true" signature="SetUp()[pri:0, instance:org.openrefine.wikidata.commands.PreviewWikibaseSchemaCommandTest@72758afa]" started-at="2020-09-05T22:28:17 CEST" name="SetUp" finished-at="2020-09-05T22:28:17 CEST" duration-ms="0" status="PASS">
          <reporter-output>
          </reporter-output>
        </test-method> <!-- SetUp -->
        <test-method signature="testInvalidSchema()[pri:0, instance:org.openrefine.wikidata.commands.PreviewWikibaseSchemaCommandTest@72758afa]" started-at="2020-09-05T22:28:17 CEST" name="testInvalidSchema" finished-at="2020-09-05T22:28:17 CEST" duration-ms="6" status="PASS">
          <reporter-output>
          </reporter-output>
        </test-method> <!-- testInvalidSchema -->
        <test-method is-config="true" signature="afterPowerMockTestMethod()[pri:0, instance:org.openrefine.wikidata.commands.PreviewWikibaseSchemaCommandTest@72758afa]" started-at="2020-09-05T22:28:17 CEST" name="afterPowerMockTestMethod" finished-at="2020-09-05T22:28:17 CEST" duration-ms="1" status="PASS">
          <reporter-output>
          </reporter-output>
        </test-method> <!-- afterPowerMockTestMethod -->
        <test-method is-config="true" signature="beforePowerMockTestMethod()[pri:0, instance:org.openrefine.wikidata.commands.PreviewWikibaseSchemaCommandTest@72758afa]" started-at="2020-09-05T22:28:17 CEST" name="beforePowerMockTestMethod" finished-at="2020-09-05T22:28:17 CEST" duration-ms="2" status="PASS">
          <reporter-output>
          </reporter-output>
        </test-method> <!-- beforePowerMockTestMethod -->
        <test-method is-config="true" signature="initServlet()[pri:0, instance:org.openrefine.wikidata.commands.PreviewWikibaseSchemaCommandTest@72758afa]" started-at="2020-09-05T22:28:17 CEST" name="initServlet" finished-at="2020-09-05T22:28:17 CEST" duration-ms="7" status="PASS">
          <reporter-output>
          </reporter-output>
        </test-method> <!-- initServlet -->
        <test-method is-config="true" signature="setUpProject()[pri:0, instance:org.openrefine.wikidata.commands.PreviewWikibaseSchemaCommandTest@72758afa]" started-at="2020-09-05T22:28:17 CEST" name="setUpProject" finished-at="2020-09-05T22:28:17 CEST" duration-ms="32" status="PASS">
          <reporter-output>
          </reporter-output>
        </test-method> <!-- setUpProject -->
        <test-method is-config="true" signature="SetUp()[pri:0, instance:org.openrefine.wikidata.commands.PreviewWikibaseSchemaCommandTest@72758afa]" started-at="2020-09-05T22:28:17 CEST" name="SetUp" finished-at="2020-09-05T22:28:17 CEST" duration-ms="2" status="PASS">
          <reporter-output>
          </reporter-output>
        </test-method> <!-- SetUp -->
        <test-method signature="testNoSchema()[pri:0, instance:org.openrefine.wikidata.commands.PreviewWikibaseSchemaCommandTest@72758afa]" started-at="2020-09-05T22:28:17 CEST" name="testNoSchema" finished-at="2020-09-05T22:28:17 CEST" duration-ms="76" status="PASS">
          <reporter-output>
          </reporter-output>
        </test-method> <!-- testNoSchema -->
        <test-method is-config="true" signature="afterPowerMockTestMethod()[pri:0, instance:org.openrefine.wikidata.commands.PreviewWikibaseSchemaCommandTest@72758afa]" started-at="2020-09-05T22:28:17 CEST" name="afterPowerMockTestMethod" finished-at="2020-09-05T22:28:17 CEST" duration-ms="0" status="PASS">
          <reporter-output>
          </reporter-output>
        </test-method> <!-- afterPowerMockTestMethod -->
        <test-method is-config="true" signature="afterPowerMockTestClass()[pri:0, instance:org.openrefine.wikidata.commands.PreviewWikibaseSchemaCommandTest@72758afa]" started-at="2020-09-05T22:28:17 CEST" name="afterPowerMockTestClass" finished-at="2020-09-05T22:28:17 CEST" duration-ms="0" status="PASS">
          <reporter-output>
          </reporter-output>
        </test-method> <!-- afterPowerMockTestClass -->
      </class> <!-- org.openrefine.wikidata.commands.PreviewWikibaseSchemaCommandTest -->
    </test> <!-- Default test -->
  </suite> <!-- Default suite -->
</testng-results>
